build/app/intermediates/manifest_merge_blame_file/release/processReleaseMainManifest/manifest-merger-blame-release-report.txt
1<?xml version="1.0" encoding="utf-8"?>
2<manifest xmlns:android="http://schemas.android.com/apk/res/android"
3    package="com.retrytech.bubbly"
4    android:versionCode="6"
5    android:versionName="1.0.6" >
6
7    <uses-sdk
8        android:minSdkVersion="24"
9        android:targetSdkVersion="34" />
10
11    <uses-permission android:name="android.permission.INTERNET" />
11-->src/main/AndroidManifest.xml:5:5-67
11-->src/main/AndroidManifest.xml:5:22-64
12    <uses-permission android:name="android.permission.FLASHLIGHT" />
12-->src/main/AndroidManifest.xml:6:5-69
12-->src/main/AndroidManifest.xml:6:22-66
13    <uses-permission android:name="android.permission.WAKE_LOCK" />
13-->src/main/AndroidManifest.xml:7:5-68
13-->src/main/AndroidManifest.xml:7:22-65
14    <uses-permission android:name="android.permission.ACCESS_COARSE_LOCATION" />
14-->src/main/AndroidManifest.xml:8:5-81
14-->src/main/AndroidManifest.xml:8:22-78
15    <uses-permission android:name="android.permission.ACCESS_FINE_LOCATION" />
15-->src/main/AndroidManifest.xml:9:5-79
15-->src/main/AndroidManifest.xml:9:22-76
16    <uses-permission android:name="android.permission.RECORD_AUDIO" />
16-->src/main/AndroidManifest.xml:10:5-71
16-->src/main/AndroidManifest.xml:10:22-68
17    <uses-permission android:name="android.permission.SYSTEM_ALERT_WINDOW" />
17-->src/main/AndroidManifest.xml:11:5-78
17-->src/main/AndroidManifest.xml:11:22-75
18    <uses-permission android:name="android.permission.CAMERA" />
18-->src/main/AndroidManifest.xml:12:5-65
18-->src/main/AndroidManifest.xml:12:22-62
19    <uses-permission android:name="android.permission.READ_PHONE_STATE" />
19-->src/main/AndroidManifest.xml:14:5-75
19-->src/main/AndroidManifest.xml:14:22-72
20    <uses-permission android:name="android.permission.RECORD_AUDIO" />
20-->src/main/AndroidManifest.xml:10:5-71
20-->src/main/AndroidManifest.xml:10:22-68
21    <uses-permission android:name="android.permission.MODIFY_AUDIO_SETTINGS" />
21-->src/main/AndroidManifest.xml:16:5-80
21-->src/main/AndroidManifest.xml:16:22-77
22    <uses-permission android:name="android.permission.ACCESS_NETWORK_STATE" />
22-->src/main/AndroidManifest.xml:17:5-79
22-->src/main/AndroidManifest.xml:17:22-76
23    <uses-permission android:name="android.permission.BLUETOOTH" />
23-->src/main/AndroidManifest.xml:18:5-68
23-->src/main/AndroidManifest.xml:18:22-65
24    <uses-permission android:name="android.permission.ACCESS_WIFI_STATE" />
24-->src/main/AndroidManifest.xml:19:5-76
24-->src/main/AndroidManifest.xml:19:22-73
25    <uses-permission android:name="android.permission.READ_PRIVILEGED_PHONE_STATE" />
25-->src/main/AndroidManifest.xml:21:5-23:47
25-->src/main/AndroidManifest.xml:22:9-70
26    <uses-permission android:name="android.permission.READ_EXTERNAL_STORAGE" />
26-->src/main/AndroidManifest.xml:24:5-80
26-->src/main/AndroidManifest.xml:24:22-77
27    <uses-permission android:name="android.permission.WRITE_EXTERNAL_STORAGE" />
27-->src/main/AndroidManifest.xml:25:5-27:40
27-->src/main/AndroidManifest.xml:26:9-65
28    <uses-permission android:name="android.permission.READ_MEDIA_IMAGES" />
28-->src/main/AndroidManifest.xml:28:5-76
28-->src/main/AndroidManifest.xml:28:22-73
29    <uses-permission android:name="android.permission.READ_MEDIA_VIDEO" />
29-->src/main/AndroidManifest.xml:29:5-75
29-->src/main/AndroidManifest.xml:29:22-72
30    <uses-permission android:name="android.permission.READ_MEDIA_AUDIO" />
30-->src/main/AndroidManifest.xml:30:5-75
30-->src/main/AndroidManifest.xml:30:22-72
31    <!-- For Android 12 and above devices, the following permission is also required. -->
32    <uses-permission android:name="android.permission.BLUETOOTH_CONNECT" />
32-->[:agora_rtc_engine] AndroidManifest.xml:19:5-76
32-->[:agora_rtc_engine] AndroidManifest.xml:19:22-73
33    <uses-permission android:name="com.android.vending.BILLING" /> <!-- <uses-feature android:name="android.hardware.camera2.full" /> -->
33-->[:bubbly_camera] AndroidManifest.xml:11:5-67
33-->[:bubbly_camera] AndroidManifest.xml:11:22-64
34    <!-- <uses-feature android:name="android.hardware.camera.flash" /> -->
35    <permission
35-->[:bubbly_camera] AndroidManifest.xml:17:5-19:58
36        android:name="android.permission.CAPTURE_AUDIO_OUTPUT"
36-->[:bubbly_camera] AndroidManifest.xml:18:9-63
37        android:protectionLevel="signature|privileged" /> <!-- Permissions options for the `notification` group -->
37-->[:bubbly_camera] AndroidManifest.xml:19:9-55
38    <uses-permission android:name="android.permission.POST_NOTIFICATIONS" /> <!-- See https://developer.android.com/training/package-visibility -->
38-->[:firebase_messaging] AndroidManifest.xml:11:5-77
38-->[:firebase_messaging] AndroidManifest.xml:11:22-74
39    <queries>
39-->[:flutter_downloader] AndroidManifest.xml:8:5-12:15
40        <intent>
40-->[:flutter_downloader] AndroidManifest.xml:9:9-11:18
41            <action android:name="android.intent.action.VIEW" />
41-->src/main/AndroidManifest.xml:77:17-69
41-->src/main/AndroidManifest.xml:77:25-66
42        </intent>
43        <!-- For browser content -->
44        <intent>
44-->[com.google.android.gms:play-services-ads-lite:23.4.0] AndroidManifest.xml:38:9-44:18
45            <action android:name="android.intent.action.VIEW" />
45-->src/main/AndroidManifest.xml:77:17-69
45-->src/main/AndroidManifest.xml:77:25-66
46
47            <category android:name="android.intent.category.BROWSABLE" />
47-->src/main/AndroidManifest.xml:80:17-78
47-->src/main/AndroidManifest.xml:80:27-75
48
49            <data android:scheme="https" />
49-->src/main/AndroidManifest.xml:74:17-76:48
49-->src/main/AndroidManifest.xml:76:21-45
50        </intent> <!-- End of browser content -->
51        <!-- For CustomTabsService -->
52        <intent>
52-->[com.google.android.gms:play-services-ads-lite:23.4.0] AndroidManifest.xml:47:9-49:18
53            <action android:name="android.support.customtabs.action.CustomTabsService" />
53-->[com.google.android.gms:play-services-ads-lite:23.4.0] AndroidManifest.xml:48:13-90
53-->[com.google.android.gms:play-services-ads-lite:23.4.0] AndroidManifest.xml:48:21-87
54        </intent> <!-- End of CustomTabsService -->
55        <!-- For MRAID capabilities -->
56        <intent>
56-->[com.google.android.gms:play-services-ads-lite:23.4.0] AndroidManifest.xml:52:9-56:18
57            <action android:name="android.intent.action.INSERT" />
57-->[com.google.android.gms:play-services-ads-lite:23.4.0] AndroidManifest.xml:53:13-67
57-->[com.google.android.gms:play-services-ads-lite:23.4.0] AndroidManifest.xml:53:21-64
58
59            <data android:mimeType="vnd.android.cursor.dir/event" />
59-->src/main/AndroidManifest.xml:74:17-76:48
60        </intent>
61        <intent>
61-->[com.google.android.gms:play-services-ads-lite:23.4.0] AndroidManifest.xml:57:9-61:18
62            <action android:name="android.intent.action.VIEW" />
62-->src/main/AndroidManifest.xml:77:17-69
62-->src/main/AndroidManifest.xml:77:25-66
63
64            <data android:scheme="sms" />
64-->src/main/AndroidManifest.xml:74:17-76:48
64-->src/main/AndroidManifest.xml:76:21-45
65        </intent>
66        <intent>
66-->[com.google.android.gms:play-services-ads-lite:23.4.0] AndroidManifest.xml:62:9-66:18
67            <action android:name="android.intent.action.DIAL" />
67-->[com.google.android.gms:play-services-ads-lite:23.4.0] AndroidManifest.xml:63:13-65
67-->[com.google.android.gms:play-services-ads-lite:23.4.0] AndroidManifest.xml:63:21-62
68
69            <data android:path="tel:" />
69-->src/main/AndroidManifest.xml:74:17-76:48
70        </intent>
71        <intent>
71-->[androidx.camera:camera-extensions:1.2.0-alpha03] AndroidManifest.xml:24:9-26:18
72            <action android:name="androidx.camera.extensions.action.VENDOR_ACTION" />
72-->[androidx.camera:camera-extensions:1.2.0-alpha03] AndroidManifest.xml:25:13-86
72-->[androidx.camera:camera-extensions:1.2.0-alpha03] AndroidManifest.xml:25:21-83
73        </intent>
74        <intent>
74-->[com.android.billingclient:billing:6.2.0] AndroidManifest.xml:13:9-15:18
75            <action android:name="com.android.vending.billing.InAppBillingService.BIND" />
75-->[com.android.billingclient:billing:6.2.0] AndroidManifest.xml:14:13-91
75-->[com.android.billingclient:billing:6.2.0] AndroidManifest.xml:14:21-88
76        </intent>
77
78        <package android:name="com.sec.android.app.samsungapps" />
78-->[store.galaxy.samsung.installreferrer:samsung_galaxystore_install_referrer:4.0.0] AndroidManifest.xml:10:9-67
78-->[store.galaxy.samsung.installreferrer:samsung_galaxystore_install_referrer:4.0.0] AndroidManifest.xml:10:18-64
79    </queries>
80
81    <uses-permission android:name="android.permission.VIBRATE" /> <!-- Required by older versions of Google Play services to create IID tokens -->
81-->[:flutter_local_notifications] AndroidManifest.xml:7:5-66
81-->[:flutter_local_notifications] AndroidManifest.xml:7:22-63
82    <uses-permission android:name="com.google.android.c2dm.permission.RECEIVE" />
82-->[com.google.firebase:firebase-messaging:24.1.0] AndroidManifest.xml:26:5-82
82-->[com.google.firebase:firebase-messaging:24.1.0] AndroidManifest.xml:26:22-79
83    <uses-permission android:name="com.google.android.gms.permission.AD_ID" />
83-->[com.google.android.gms:play-services-measurement-api:22.1.2] AndroidManifest.xml:25:5-79
83-->[com.google.android.gms:play-services-measurement-api:22.1.2] AndroidManifest.xml:25:22-76
84    <uses-permission android:name="android.permission.ACCESS_ADSERVICES_ATTRIBUTION" />
84-->[com.google.android.gms:play-services-measurement-api:22.1.2] AndroidManifest.xml:26:5-88
84-->[com.google.android.gms:play-services-measurement-api:22.1.2] AndroidManifest.xml:26:22-85
85    <uses-permission android:name="android.permission.ACCESS_ADSERVICES_AD_ID" />
85-->[com.google.android.gms:play-services-measurement-api:22.1.2] AndroidManifest.xml:27:5-82
85-->[com.google.android.gms:play-services-measurement-api:22.1.2] AndroidManifest.xml:27:22-79
86    <uses-permission android:name="android.permission.ACCESS_ADSERVICES_TOPICS" />
86-->[com.google.android.gms:play-services-ads-lite:23.4.0] AndroidManifest.xml:29:5-83
86-->[com.google.android.gms:play-services-ads-lite:23.4.0] AndroidManifest.xml:29:22-80
87    <uses-permission android:name="android.permission.FOREGROUND_SERVICE" />
87-->[androidx.work:work-runtime:2.9.0] AndroidManifest.xml:26:5-77
87-->[androidx.work:work-runtime:2.9.0] AndroidManifest.xml:26:22-74
88    <uses-permission android:name="com.google.android.providers.gsf.permission.READ_GSERVICES" />
88-->[com.google.android.recaptcha:recaptcha:18.5.1] AndroidManifest.xml:9:5-98
88-->[com.google.android.recaptcha:recaptcha:18.5.1] AndroidManifest.xml:9:22-95
89    <uses-permission android:name="com.google.android.finsky.permission.BIND_GET_INSTALL_REFERRER_SERVICE" />
89-->[com.google.android.gms:play-services-measurement:22.1.2] AndroidManifest.xml:26:5-110
89-->[com.google.android.gms:play-services-measurement:22.1.2] AndroidManifest.xml:26:22-107
90
91    <permission
91-->[androidx.core:core:1.13.1] AndroidManifest.xml:22:5-24:47
92        android:name="com.retrytech.bubbly.DYNAMIC_RECEIVER_NOT_EXPORTED_PERMISSION"
92-->[androidx.core:core:1.13.1] AndroidManifest.xml:23:9-81
93        android:protectionLevel="signature" />
93-->[androidx.core:core:1.13.1] AndroidManifest.xml:24:9-44
94
95    <uses-permission android:name="com.retrytech.bubbly.DYNAMIC_RECEIVER_NOT_EXPORTED_PERMISSION" />
95-->[androidx.core:core:1.13.1] AndroidManifest.xml:26:5-97
95-->[androidx.core:core:1.13.1] AndroidManifest.xml:26:22-94
96    <uses-permission android:name="android.permission.FOREGROUND_SERVICE_MEDIA_PROJECTION" /> <!-- Don't require camera, as this requires a rear camera. This allows it to work on the Nexus 7 -->
96-->[io.agora.rtc:full-screen-sharing:4.5.0.1] AndroidManifest.xml:8:5-94
96-->[io.agora.rtc:full-screen-sharing:4.5.0.1] AndroidManifest.xml:8:22-91
97    <uses-feature
97-->[com.journeyapps:zxing-android-embedded:4.3.0] AndroidManifest.xml:25:5-27:36
98        android:name="android.hardware.camera"
98-->[com.journeyapps:zxing-android-embedded:4.3.0] AndroidManifest.xml:26:9-47
99        android:required="false" />
99-->[com.journeyapps:zxing-android-embedded:4.3.0] AndroidManifest.xml:27:9-33
100    <uses-feature
100-->[com.journeyapps:zxing-android-embedded:4.3.0] AndroidManifest.xml:28:5-30:36
101        android:name="android.hardware.camera.front"
101-->[com.journeyapps:zxing-android-embedded:4.3.0] AndroidManifest.xml:29:9-53
102        android:required="false" /> <!-- TODO replace above two with next line after Android 4.2 -->
102-->[com.journeyapps:zxing-android-embedded:4.3.0] AndroidManifest.xml:30:9-33
103    <!-- <uses-feature android:name="android.hardware.camera.any"/> -->
104    <uses-feature
104-->[com.journeyapps:zxing-android-embedded:4.3.0] AndroidManifest.xml:33:5-35:36
105        android:name="android.hardware.camera.autofocus"
105-->[com.journeyapps:zxing-android-embedded:4.3.0] AndroidManifest.xml:34:9-57
106        android:required="false" />
106-->[com.journeyapps:zxing-android-embedded:4.3.0] AndroidManifest.xml:35:9-33
107    <uses-feature
107-->[com.journeyapps:zxing-android-embedded:4.3.0] AndroidManifest.xml:36:5-38:36
108        android:name="android.hardware.camera.flash"
108-->[com.journeyapps:zxing-android-embedded:4.3.0] AndroidManifest.xml:37:9-53
109        android:required="false" />
109-->[com.journeyapps:zxing-android-embedded:4.3.0] AndroidManifest.xml:38:9-33
110    <uses-feature
110-->[com.journeyapps:zxing-android-embedded:4.3.0] AndroidManifest.xml:39:5-41:36
111        android:name="android.hardware.screen.landscape"
111-->[com.journeyapps:zxing-android-embedded:4.3.0] AndroidManifest.xml:40:9-57
112        android:required="false" />
112-->[com.journeyapps:zxing-android-embedded:4.3.0] AndroidManifest.xml:41:9-33
113    <uses-feature
113-->[com.journeyapps:zxing-android-embedded:4.3.0] AndroidManifest.xml:42:5-44:36
114        android:name="android.hardware.wifi"
114-->[com.journeyapps:zxing-android-embedded:4.3.0] AndroidManifest.xml:43:9-45
115        android:required="false" />
115-->[com.journeyapps:zxing-android-embedded:4.3.0] AndroidManifest.xml:44:9-33
116
117    <application
117-->src/main/AndroidManifest.xml:33:5-149:19
118        android:name="com.retrytech.bubbly.MyApplication"
118-->src/main/AndroidManifest.xml:34:9-38
119        android:appComponentFactory="androidx.core.app.CoreComponentFactory"
119-->[androidx.core:core:1.13.1] AndroidManifest.xml:28:18-86
120        android:extractNativeLibs="false"
121        android:icon="@mipmap/ic_launcher"
121-->src/main/AndroidManifest.xml:35:9-43
122        android:label="Shortz"
122-->src/main/AndroidManifest.xml:36:9-31
123        android:requestLegacyExternalStorage="true"
123-->src/main/AndroidManifest.xml:37:9-52
124        android:usesCleartextTraffic="true" >
124-->src/main/AndroidManifest.xml:38:9-44
125        <uses-library
125-->src/main/AndroidManifest.xml:41:9-43:40
126            android:name="org.apache.http.legacy"
126-->src/main/AndroidManifest.xml:42:13-50
127            android:required="false" />
127-->src/main/AndroidManifest.xml:43:13-37
128        <uses-library
128-->src/main/AndroidManifest.xml:41:9-43:40
129            android:name="org.apache.http.legacy"
129-->src/main/AndroidManifest.xml:42:13-50
130            android:required="false" />
130-->src/main/AndroidManifest.xml:43:13-37
131
132        <activity
132-->src/main/AndroidManifest.xml:49:9-96:20
133            android:name="com.retrytech.bubbly.MainActivity"
133-->src/main/AndroidManifest.xml:50:13-41
134            android:configChanges="orientation|keyboardHidden|keyboard|screenSize|smallestScreenSize|locale|layoutDirection|fontScale|screenLayout|density|uiMode"
134-->src/main/AndroidManifest.xml:51:13-163
135            android:exported="true"
135-->src/main/AndroidManifest.xml:52:13-36
136            android:hardwareAccelerated="true"
136-->src/main/AndroidManifest.xml:53:13-47
137            android:largeHeap="true"
137-->src/main/AndroidManifest.xml:54:13-37
138            android:launchMode="singleTop"
138-->src/main/AndroidManifest.xml:55:13-43
139            android:screenOrientation="fullSensor"
139-->src/main/AndroidManifest.xml:56:13-51
140            android:theme="@style/LaunchTheme"
140-->src/main/AndroidManifest.xml:57:13-47
141            android:windowSoftInputMode="adjustResize" >
141-->src/main/AndroidManifest.xml:58:13-55
142            <meta-data
142-->src/main/AndroidManifest.xml:59:13-61:57
143                android:name="io.flutter.embedding.android.NormalTheme"
143-->src/main/AndroidManifest.xml:60:17-72
144                android:resource="@style/NormalTheme" />
144-->src/main/AndroidManifest.xml:61:17-54
145            <meta-data
145-->src/main/AndroidManifest.xml:62:13-64:66
146                android:name="io.flutter.embedding.android.SplashScreenDrawable"
146-->src/main/AndroidManifest.xml:63:17-81
147                android:resource="@drawable/launch_background" />
147-->src/main/AndroidManifest.xml:64:17-63
148            <meta-data
148-->src/main/AndroidManifest.xml:65:13-67:59
149                android:name="com.google.firebase.messaging.default_notification_channel_id"
149-->src/main/AndroidManifest.xml:66:17-93
150                android:value="high_importance_channel" />
150-->src/main/AndroidManifest.xml:67:17-56
151
152            <intent-filter>
152-->src/main/AndroidManifest.xml:69:13-72:29
153                <action android:name="android.intent.action.MAIN" />
153-->src/main/AndroidManifest.xml:70:17-69
153-->src/main/AndroidManifest.xml:70:25-66
154
155                <category android:name="android.intent.category.LAUNCHER" />
155-->src/main/AndroidManifest.xml:71:17-77
155-->src/main/AndroidManifest.xml:71:27-74
156            </intent-filter>
157            <intent-filter>
157-->src/main/AndroidManifest.xml:73:13-81:29
158                <data
158-->src/main/AndroidManifest.xml:74:17-76:48
159                    android:host="open"
159-->src/main/AndroidManifest.xml:75:21-40
160                    android:scheme="shortzz" />
160-->src/main/AndroidManifest.xml:76:21-45
161
162                <action android:name="android.intent.action.VIEW" />
162-->src/main/AndroidManifest.xml:77:17-69
162-->src/main/AndroidManifest.xml:77:25-66
163
164                <category android:name="android.intent.category.DEFAULT" />
164-->src/main/AndroidManifest.xml:79:17-76
164-->src/main/AndroidManifest.xml:79:27-73
165                <category android:name="android.intent.category.BROWSABLE" />
165-->src/main/AndroidManifest.xml:80:17-78
165-->src/main/AndroidManifest.xml:80:27-75
166            </intent-filter>
167
168            <!-- Branch App Links (optional) -->
169            <intent-filter android:autoVerify="true" >
169-->src/main/AndroidManifest.xml:84:13-95:29
169-->src/main/AndroidManifest.xml:84:28-53
170                <action android:name="android.intent.action.VIEW" />
170-->src/main/AndroidManifest.xml:77:17-69
170-->src/main/AndroidManifest.xml:77:25-66
171
172                <category android:name="android.intent.category.DEFAULT" />
172-->src/main/AndroidManifest.xml:79:17-76
172-->src/main/AndroidManifest.xml:79:27-73
173                <category android:name="android.intent.category.BROWSABLE" />
173-->src/main/AndroidManifest.xml:80:17-78
173-->src/main/AndroidManifest.xml:80:27-75
174
175                <data android:scheme="https" />
175-->src/main/AndroidManifest.xml:74:17-76:48
175-->src/main/AndroidManifest.xml:76:21-45
176                <data android:host="BRANCH APP LINK" />
176-->src/main/AndroidManifest.xml:74:17-76:48
176-->src/main/AndroidManifest.xml:75:21-40
177                <!-- example-alternate domain is required for App Links when the Journeys/Web SDK and Deepviews are used inside your website. -->
178                <data android:scheme="https" />
178-->src/main/AndroidManifest.xml:74:17-76:48
178-->src/main/AndroidManifest.xml:76:21-45
179                <data android:host="BRANCH ALTERNATE APP LINK" />
179-->src/main/AndroidManifest.xml:74:17-76:48
179-->src/main/AndroidManifest.xml:75:21-40
180            </intent-filter>
181        </activity>
182        <!--
183             Don't delete the meta-data below.
184             This is used by the Flutter tool to generate GeneratedPluginRegistrant.java
185        -->
186
187        <meta-data
187-->src/main/AndroidManifest.xml:100:9-102:46
188            android:name="io.branch.sdk.BranchKey"
188-->src/main/AndroidManifest.xml:101:13-51
189            android:value="BRANCH APP KEY" />
189-->src/main/AndroidManifest.xml:102:13-43
190        <meta-data
190-->src/main/AndroidManifest.xml:103:9-105:70
191            android:name="com.google.android.gms.ads.APPLICATION_ID"
191-->src/main/AndroidManifest.xml:104:13-69
192            android:value="ca-app-pub-3940256099942544~3347511713" />
192-->src/main/AndroidManifest.xml:105:13-67
193        <meta-data
193-->src/main/AndroidManifest.xml:106:9-108:33
194            android:name="flutterEmbedding"
194-->src/main/AndroidManifest.xml:107:13-44
195            android:value="2" />
195-->src/main/AndroidManifest.xml:108:13-30
196
197        <provider
198            android:name="vn.hunghd.flutterdownloader.DownloadedFileProvider"
198-->src/main/AndroidManifest.xml:111:13-78
199            android:authorities="com.retrytech.bubbly.flutter_downloader.provider"
199-->src/main/AndroidManifest.xml:112:13-79
200            android:exported="false"
200-->src/main/AndroidManifest.xml:113:13-37
201            android:grantUriPermissions="true" >
201-->src/main/AndroidManifest.xml:114:13-47
202            <meta-data
202-->src/main/AndroidManifest.xml:115:13-117:58
203                android:name="android.support.FILE_PROVIDER_PATHS"
203-->src/main/AndroidManifest.xml:116:17-67
204                android:resource="@xml/provider_paths" />
204-->src/main/AndroidManifest.xml:117:17-55
205        </provider>
206
207        <!-- Begin FlutterDownloader customization -->
208        <!-- disable default Initializer -->
209        <provider
210            android:name="androidx.startup.InitializationProvider"
210-->src/main/AndroidManifest.xml:123:13-67
211            android:authorities="com.retrytech.bubbly.androidx-startup"
211-->src/main/AndroidManifest.xml:124:13-68
212            android:exported="false" >
212-->src/main/AndroidManifest.xml:125:13-37
213            <meta-data
213-->[androidx.emoji2:emoji2:1.2.0] AndroidManifest.xml:29:13-31:52
214                android:name="androidx.emoji2.text.EmojiCompatInitializer"
214-->[androidx.emoji2:emoji2:1.2.0] AndroidManifest.xml:30:17-75
215                android:value="androidx.startup" />
215-->[androidx.emoji2:emoji2:1.2.0] AndroidManifest.xml:31:17-49
216            <meta-data
216-->[androidx.lifecycle:lifecycle-process:2.8.7] AndroidManifest.xml:29:13-31:52
217                android:name="androidx.lifecycle.ProcessLifecycleInitializer"
217-->[androidx.lifecycle:lifecycle-process:2.8.7] AndroidManifest.xml:30:17-78
218                android:value="androidx.startup" />
218-->[androidx.lifecycle:lifecycle-process:2.8.7] AndroidManifest.xml:31:17-49
219            <meta-data
219-->[androidx.profileinstaller:profileinstaller:1.3.1] AndroidManifest.xml:29:13-31:52
220                android:name="androidx.profileinstaller.ProfileInstallerInitializer"
220-->[androidx.profileinstaller:profileinstaller:1.3.1] AndroidManifest.xml:30:17-85
221                android:value="androidx.startup" />
221-->[androidx.profileinstaller:profileinstaller:1.3.1] AndroidManifest.xml:31:17-49
222        </provider>
223
224        <!-- declare customized Initializer -->
225        <provider
226            android:name="vn.hunghd.flutterdownloader.FlutterDownloaderInitializer"
226-->src/main/AndroidManifest.xml:135:13-84
227            android:authorities="com.retrytech.bubbly.flutter-downloader-init"
227-->src/main/AndroidManifest.xml:136:13-75
228            android:exported="false" >
228-->src/main/AndroidManifest.xml:137:13-37
229
230            <!-- changes this number to configure the maximum number of concurrent tasks -->
231            <meta-data
231-->src/main/AndroidManifest.xml:139:13-141:37
232                android:name="vn.hunghd.flutterdownloader.MAX_CONCURRENT_TASKS"
232-->src/main/AndroidManifest.xml:140:17-80
233                android:value="5" />
233-->src/main/AndroidManifest.xml:141:17-34
234        </provider>
235        <!-- End FlutterDownloader customization -->
236
237        <property
237-->src/main/AndroidManifest.xml:145:9-148:48
238            android:name="android.adservices.AD_SERVICES_CONFIG"
238-->src/main/AndroidManifest.xml:146:13-65
239            android:resource="@xml/gma_ad_services_config" />
239-->src/main/AndroidManifest.xml:147:13-59
240
241        <service
241-->[:cloud_firestore] AndroidManifest.xml:8:9-12:19
242            android:name="com.google.firebase.components.ComponentDiscoveryService"
242-->[:cloud_firestore] AndroidManifest.xml:8:18-89
243            android:directBootAware="true"
243-->[com.google.firebase:firebase-common:21.0.0] AndroidManifest.xml:32:13-43
244            android:exported="false" >
244-->[com.google.firebase:firebase-firestore:25.1.1] AndroidManifest.xml:16:13-37
245            <meta-data
245-->[:cloud_firestore] AndroidManifest.xml:9:13-11:85
246                android:name="com.google.firebase.components:io.flutter.plugins.firebase.firestore.FlutterFirebaseFirestoreRegistrar"
246-->[:cloud_firestore] AndroidManifest.xml:10:17-134
247                android:value="com.google.firebase.components.ComponentRegistrar" />
247-->[:cloud_firestore] AndroidManifest.xml:11:17-82
248            <meta-data
248-->[:firebase_auth] AndroidManifest.xml:9:13-11:85
249                android:name="com.google.firebase.components:io.flutter.plugins.firebase.auth.FlutterFirebaseAuthRegistrar"
249-->[:firebase_auth] AndroidManifest.xml:10:17-124
250                android:value="com.google.firebase.components.ComponentRegistrar" />
250-->[:firebase_auth] AndroidManifest.xml:11:17-82
251            <meta-data
251-->[:firebase_messaging] AndroidManifest.xml:36:13-38:85
252                android:name="com.google.firebase.components:io.flutter.plugins.firebase.messaging.FlutterFirebaseAppRegistrar"
252-->[:firebase_messaging] AndroidManifest.xml:37:17-128
253                android:value="com.google.firebase.components.ComponentRegistrar" />
253-->[:firebase_messaging] AndroidManifest.xml:38:17-82
254            <meta-data
254-->[:firebase_core] AndroidManifest.xml:9:13-11:85
255                android:name="com.google.firebase.components:io.flutter.plugins.firebase.core.FlutterFirebaseCoreRegistrar"
255-->[:firebase_core] AndroidManifest.xml:10:17-124
256                android:value="com.google.firebase.components.ComponentRegistrar" />
256-->[:firebase_core] AndroidManifest.xml:11:17-82
257            <meta-data
257-->[com.google.firebase:firebase-firestore:25.1.1] AndroidManifest.xml:17:13-19:85
258                android:name="com.google.firebase.components:com.google.firebase.firestore.FirebaseFirestoreKtxRegistrar"
258-->[com.google.firebase:firebase-firestore:25.1.1] AndroidManifest.xml:18:17-122
259                android:value="com.google.firebase.components.ComponentRegistrar" />
259-->[com.google.firebase:firebase-firestore:25.1.1] AndroidManifest.xml:19:17-82
260            <meta-data
260-->[com.google.firebase:firebase-firestore:25.1.1] AndroidManifest.xml:20:13-22:85
261                android:name="com.google.firebase.components:com.google.firebase.firestore.FirestoreRegistrar"
261-->[com.google.firebase:firebase-firestore:25.1.1] AndroidManifest.xml:21:17-111
262                android:value="com.google.firebase.components.ComponentRegistrar" />
262-->[com.google.firebase:firebase-firestore:25.1.1] AndroidManifest.xml:22:17-82
263            <meta-data
263-->[com.google.firebase:firebase-auth:23.1.0] AndroidManifest.xml:69:13-71:85
264                android:name="com.google.firebase.components:com.google.firebase.auth.FirebaseAuthRegistrar"
264-->[com.google.firebase:firebase-auth:23.1.0] AndroidManifest.xml:70:17-109
265                android:value="com.google.firebase.components.ComponentRegistrar" />
265-->[com.google.firebase:firebase-auth:23.1.0] AndroidManifest.xml:71:17-82
266            <meta-data
266-->[com.google.firebase:firebase-messaging:24.1.0] AndroidManifest.xml:57:13-59:85
267                android:name="com.google.firebase.components:com.google.firebase.messaging.FirebaseMessagingKtxRegistrar"
267-->[com.google.firebase:firebase-messaging:24.1.0] AndroidManifest.xml:58:17-122
268                android:value="com.google.firebase.components.ComponentRegistrar" />
268-->[com.google.firebase:firebase-messaging:24.1.0] AndroidManifest.xml:59:17-82
269            <meta-data
269-->[com.google.firebase:firebase-messaging:24.1.0] AndroidManifest.xml:60:13-62:85
270                android:name="com.google.firebase.components:com.google.firebase.messaging.FirebaseMessagingRegistrar"
270-->[com.google.firebase:firebase-messaging:24.1.0] AndroidManifest.xml:61:17-119
271                android:value="com.google.firebase.components.ComponentRegistrar" />
271-->[com.google.firebase:firebase-messaging:24.1.0] AndroidManifest.xml:62:17-82
272            <meta-data
272-->[com.google.android.gms:play-services-measurement-api:22.1.2] AndroidManifest.xml:37:13-39:85
273                android:name="com.google.firebase.components:com.google.firebase.analytics.connector.internal.AnalyticsConnectorRegistrar"
273-->[com.google.android.gms:play-services-measurement-api:22.1.2] AndroidManifest.xml:38:17-139
274                android:value="com.google.firebase.components.ComponentRegistrar" />